08/16/2020 23:17 | Cinematic2 | 2h 26m 51s
08/17/2020 11:18 | Bake Test | 0h 0m 30s
08/17/2020 11:31 | Bake Test | 0h 0m 54s
08/17/2020 13:52 | Bake Test | 0h 0m 18s
08/17/2020 13:54 | Bake Test | 0h 0m 17s
08/17/2020 22:53 | Level_02 Area | 2h 2m 45s
08/18/2020 18:24 | Area_01 Split_01 | 2h 15m 18s
08/19/2020 01:50 | Area_01 Split_02 | 4h 57m 25s
08/19/2020 07:45 | Area_01 Ground | 5h 44m 7s
08/19/2020 18:24 | Apartment 1 | 1h 50m 19s
08/19/2020 21:38 | Apartment 3 | 3h 3m 56s
08/20/2020 01:22 | Apartment 3 | 2h 34m 45s
08/21/2020 18:45 | Cinematic1 | 1h 0m 39s
08/22/2020 15:26 | Level1 | 2h 13m 9s
08/22/2020 18:12 | Level1 | 1h 50m 30s
08/22/2020 20:30 | Level1 | 1h 40m 20s
08/23/2020 04:35 | Level1 | 1h 11m 5s
08/23/2020 12:51 | Prefab Baking | 0h 0m 18s
08/23/2020 12:52 | Prefab Testing | 0h 0m 9s
08/23/2020 12:54 | Prefab Baking | 0h 0m 14s
08/23/2020 12:55 | Prefab Testing | 0h 0m 9s
08/23/2020 13:13 | Prefab Baking | 0h 0m 30s
08/23/2020 13:15 | Prefab Baking | 0h 1m 15s
08/23/2020 13:17 | Prefab Baking | 0h 0m 18s
08/23/2020 13:18 | Prefab Testing | 0h 0m 12s
08/23/2020 13:19 | Prefab Testing | 0h 0m 21s
08/23/2020 14:16 | Level_02 Area | 0h 30m 24s
08/23/2020 16:06 | Level1 | 1h 18m 13s
08/23/2020 18:19 | Level1 | 1h 20m 3s
09/24/2020 11:28 | Home | 0h 6m 22s
09/24/2020 11:41 | Home | 0h 6m 17s
09/24/2020 12:51 | Training | 0h 4m 15s
09/24/2020 12:57 | Training | 0h 4m 6s
09/24/2020 13:27 | Training | 0h 5m 38s
09/24/2020 14:05 | Training | 0h 4m 3s
09/26/2020 21:30 | Cinematic1 | 0h 14m 39s
09/26/2020 21:50 | Cinematic1 | 0h 15m 19s
09/26/2020 22:11 | Cinematic1 | 0h 15m 40s
09/26/2020 22:44 | Cinematic1 | 0h 16m 10s
09/26/2020 23:26 | Cinematic1 | 0h 3m 14s
09/26/2020 23:33 | Cinematic1 | 0h 3m 12s
09/26/2020 23:38 | Cinematic1 | 0h 3m 12s
09/26/2020 23:48 | Cinematic1 | 0h 2m 20s
09/26/2020 23:53 | Cinematic1 | 0h 1m 37s
09/26/2020 23:59 | Cinematic1 | 0h 1m 35s
09/27/2020 00:03 | Cinematic1 | 0h 2m 15s
09/27/2020 00:10 | Cinematic1 | 0h 2m 6s
09/27/2020 00:15 | Cinematic1 | 0h 1m 50s
09/27/2020 00:23 | Cinematic1 | 0h 2m 17s
09/27/2020 13:03 | Cinematic1 | 0h 2m 16s
09/27/2020 13:06 | Cinematic1 | 0h 1m 56s
09/27/2020 13:11 | Cinematic1 | 0h 1m 56s
09/27/2020 13:28 | Cinematic1 | 0h 14m 48s
09/27/2020 13:45 | Cinematic1 | 0h 14m 49s
09/27/2020 13:53 | Cinematic1 | 0h 4m 53s
09/27/2020 15:04 | Cinematic2 | 0h 7m 30s
